[2024-08-04T16:08:39.671+0000] {processor.py:161} INFO - Started process (PID=28) to work on /opt/airflow/dags/main.py
[2024-08-04T16:08:39.671+0000] {processor.py:830} INFO - Processing file /opt/airflow/dags/main.py for tasks to queue
[2024-08-04T16:08:39.675+0000] {logging_mixin.py:188} INFO - [2024-08-04T16:08:39.674+0000] {dagbag.py:545} INFO - Filling up the DagBag from /opt/airflow/dags/main.py
[2024-08-04T16:08:39.733+0000] {processor.py:840} INFO - DAG(s) 'teste_pratico' retrieved from /opt/airflow/dags/main.py
[2024-08-04T16:08:40.110+0000] {logging_mixin.py:188} INFO - [2024-08-04T16:08:40.110+0000] {dag.py:3089} INFO - Sync 1 DAGs
[2024-08-04T16:08:40.165+0000] {logging_mixin.py:188} INFO - [2024-08-04T16:08:40.163+0000] {dag.py:3947} INFO - Setting next_dagrun for teste_pratico to 2024-08-04 16:10:00+00:00, run_after=2024-08-04 16:20:00+00:00
[2024-08-04T16:08:40.235+0000] {processor.py:183} INFO - Processing /opt/airflow/dags/main.py took 0.574 seconds
[2024-08-04T16:09:10.403+0000] {processor.py:161} INFO - Started process (PID=36) to work on /opt/airflow/dags/main.py
[2024-08-04T16:09:10.406+0000] {processor.py:830} INFO - Processing file /opt/airflow/dags/main.py for tasks to queue
[2024-08-04T16:09:10.407+0000] {logging_mixin.py:188} INFO - [2024-08-04T16:09:10.407+0000] {dagbag.py:545} INFO - Filling up the DagBag from /opt/airflow/dags/main.py
[2024-08-04T16:09:10.421+0000] {processor.py:840} INFO - DAG(s) 'teste_pratico' retrieved from /opt/airflow/dags/main.py
[2024-08-04T16:09:10.523+0000] {logging_mixin.py:188} INFO - [2024-08-04T16:09:10.523+0000] {dag.py:3089} INFO - Sync 1 DAGs
[2024-08-04T16:09:10.540+0000] {logging_mixin.py:188} INFO - [2024-08-04T16:09:10.540+0000] {dag.py:3947} INFO - Setting next_dagrun for teste_pratico to 2024-08-04 16:10:00+00:00, run_after=2024-08-04 16:20:00+00:00
[2024-08-04T16:09:10.560+0000] {processor.py:183} INFO - Processing /opt/airflow/dags/main.py took 0.163 seconds
[2024-08-04T16:09:41.219+0000] {processor.py:161} INFO - Started process (PID=43) to work on /opt/airflow/dags/main.py
[2024-08-04T16:09:41.220+0000] {processor.py:830} INFO - Processing file /opt/airflow/dags/main.py for tasks to queue
[2024-08-04T16:09:41.221+0000] {logging_mixin.py:188} INFO - [2024-08-04T16:09:41.221+0000] {dagbag.py:545} INFO - Filling up the DagBag from /opt/airflow/dags/main.py
[2024-08-04T16:09:41.233+0000] {processor.py:840} INFO - DAG(s) 'teste_pratico' retrieved from /opt/airflow/dags/main.py
[2024-08-04T16:09:41.315+0000] {logging_mixin.py:188} INFO - [2024-08-04T16:09:41.315+0000] {dag.py:3089} INFO - Sync 1 DAGs
[2024-08-04T16:09:41.330+0000] {logging_mixin.py:188} INFO - [2024-08-04T16:09:41.329+0000] {dag.py:3947} INFO - Setting next_dagrun for teste_pratico to 2024-08-04 16:10:00+00:00, run_after=2024-08-04 16:20:00+00:00
[2024-08-04T16:09:41.348+0000] {processor.py:183} INFO - Processing /opt/airflow/dags/main.py took 0.134 seconds
