[2024-08-04T16:08:39.467+0000] {manager.py:470} INFO - Processing files using up to 2 processes at a time 
[2024-08-04T16:08:39.468+0000] {manager.py:471} INFO - Process each file at most once every 30 seconds
[2024-08-04T16:08:39.468+0000] {manager.py:472} INFO - Checking for new files in /opt/airflow/dags every 300 seconds
[2024-08-04T16:08:39.468+0000] {manager.py:737} INFO - Searching for files in /opt/airflow/dags
[2024-08-04T16:08:39.472+0000] {manager.py:740} INFO - There are 1 files in /opt/airflow/dags
[2024-08-04T16:08:39.725+0000] {manager.py:878} INFO - 
================================================================================
DAG File Processing Stats

File Path                    PID  Runtime      # DAGs    # Errors  Last Runtime    Last Run
-------------------------  -----  ---------  --------  ----------  --------------  ----------
/opt/airflow/dags/main.py     28  0.07s             0           0
================================================================================
[2024-08-04T16:09:10.397+0000] {manager.py:878} INFO - 
================================================================================
DAG File Processing Stats

File Path                    PID  Runtime      # DAGs    # Errors  Last Runtime    Last Run
-------------------------  -----  ---------  --------  ----------  --------------  -------------------
/opt/airflow/dags/main.py     36  0.00s             1           0  0.60s           2024-08-04T16:08:40
================================================================================
[2024-08-04T16:09:41.214+0000] {manager.py:878} INFO - 
================================================================================
DAG File Processing Stats

File Path                    PID  Runtime      # DAGs    # Errors  Last Runtime    Last Run
-------------------------  -----  ---------  --------  ----------  --------------  -------------------
/opt/airflow/dags/main.py     43  0.00s             1           0  0.17s           2024-08-04T16:09:10
================================================================================
[2024-08-04T16:10:00.760+0000] {manager.py:452} INFO - Exiting gracefully upon receiving signal 15
